* using log directory 'D:/Users/Karen/Desktop/FMPH291/rstudio/FMPH291_SP23_F00_k7hu/packages/mathtables.Rcheck'
* using R version 4.2.3 (2023-03-15 ucrt)
* using platform: x86_64-w64-mingw32 (64-bit)
* using session charset: UTF-8
* using option '--no-manual'
* checking for file 'mathtables/DESCRIPTION' ... OK
* checking extension type ... Package
* this is package 'mathtables' version '1.0'
* checking package namespace information ... OK
* checking package dependencies ... OK
* checking if this is a source package ... OK
* checking if there is a namespace ... OK
* checking for executable files ... OK
* checking for hidden files and directories ... OK
* checking for portable file names ... OK
* checking whether package 'mathtables' can be installed ... WARNING
Found the following significant warnings:
  Warning: mathtables-package.Rd:26: All text must be in a section
  Warning: mathtables-package.Rd:27: All text must be in a section
See 'D:/Users/Karen/Desktop/FMPH291/rstudio/FMPH291_SP23_F00_k7hu/packages/mathtables.Rcheck/00install.out' for details.
* checking installed package size ... OK
* checking package directory ... OK
* checking DESCRIPTION meta-information ... NOTE
Malformed Description field: should contain one or more complete sentences.
Non-standard license specification:
  What license is it under?
Standardizable: FALSE
* checking top-level files ... OK
* checking for left-over files ... OK
* checking index information ... OK
* checking package subdirectories ... OK
* checking R files for non-ASCII characters ... OK
* checking R files for syntax errors ... OK
* checking whether the package can be loaded ... OK
* checking whether the package can be loaded with stated dependencies ... OK
* checking whether the package can be unloaded cleanly ... OK
* checking whether the namespace can be loaded with stated dependencies ... OK
* checking whether the namespace can be unloaded cleanly ... OK
* checking loading without being on the library search path ... OK
* checking dependencies in R code ... OK
* checking S3 generic/method consistency ... OK
* checking replacement functions ... OK
* checking foreign function calls ... OK
* checking R code for possible problems ... OK
* checking Rd files ... WARNING
prepare_Rd: mathtables-package.Rd:26: All text must be in a section
prepare_Rd: mathtables-package.Rd:27: All text must be in a section
prepare_Rd: plus.Rd:7-9: Dropping empty section \description
prepare_Rd: plus.Rd:22-24: Dropping empty section \details
prepare_Rd: plus.Rd:25-31: Dropping empty section \value
prepare_Rd: plus.Rd:38-40: Dropping empty section \note
prepare_Rd: plus.Rd:35-37: Dropping empty section \author
prepare_Rd: plus.Rd:32-34: Dropping empty section \references
prepare_Rd: plus.Rd:44-46: Dropping empty section \seealso
checkRd: (5) plus.Rd:0-71: Must have a \description
prepare_Rd: times.Rd:7-9: Dropping empty section \description
prepare_Rd: times.Rd:22-24: Dropping empty section \details
prepare_Rd: times.Rd:25-31: Dropping empty section \value
prepare_Rd: times.Rd:38-40: Dropping empty section \note
prepare_Rd: times.Rd:35-37: Dropping empty section \author
prepare_Rd: times.Rd:32-34: Dropping empty section \references
prepare_Rd: times.Rd:44-46: Dropping empty section \seealso
checkRd: (5) times.Rd:0-71: Must have a \description
* checking Rd metadata ... OK
* checking Rd cross-references ... NOTE
Unknown package '<pkg>' in Rd xrefs
* checking for missing documentation entries ... OK
* checking for code/documentation mismatches ... OK
* checking Rd \usage sections ... OK
* checking Rd contents ... OK
* checking for unstated dependencies in examples ... OK
* checking examples ... OK
* DONE
Status: 2 WARNINGs, 2 NOTEs
